<?xml version="1.0" encoding="UTF-8"?>
<testng-results skipped="0" failed="2" ignored="0" total="4" passed="2">
  <reporter-output>
  </reporter-output>
  <suite name="Suite" duration-ms="75870" started-at="2018-07-03T12:30:28Z" finished-at="2018-07-03T12:31:44Z">
    <groups>
    </groups>
    <test name="Test" duration-ms="75870" started-at="2018-07-03T12:30:28Z" finished-at="2018-07-03T12:31:44Z">
      <class name="org.automation.assignment.testcases.TC_002_RegistrationFunction">
        <test-method status="PASS" signature="startBrowser()[pri:0, instance:org.automation.assignment.testcases.TC_002_RegistrationFunction@506e6d5e]" name="startBrowser" is-config="true" duration-ms="10886" started-at="2018-07-03T18:01:07Z" finished-at="2018-07-03T18:01:18Z">
          <reporter-output>
          </reporter-output>
        </test-method> <!-- startBrowser -->
        <test-method status="FAIL" signature="tc_002_registration_functionality(java.lang.String, java.lang.String, java.lang.String, java.lang.String, java.lang.String)[pri:0, instance:org.automation.assignment.testcases.TC_002_RegistrationFunction@506e6d5e]" name="tc_002_registration_functionality" duration-ms="6722" started-at="2018-07-03T18:01:18Z" data-provider="Excel" finished-at="2018-07-03T18:01:25Z">
          <params>
            <param index="0">
              <value>
                <![CDATA[tknaik17]]>
              </value>
            </param>
            <param index="1">
              <value>
                <![CDATA[tknaik@17]]>
              </value>
            </param>
            <param index="2">
              <value>
                <![CDATA[tknaik@gmail.com]]>
              </value>
            </param>
            <param index="3">
              <value>
                <![CDATA[tk]]>
              </value>
            </param>
            <param index="4">
              <value>
                <![CDATA[tkn]]>
              </value>
            </param>
          </params>
          <exception class="java.lang.AssertionError">
            <message>
              <![CDATA[Registration Unsuccessful... expected [https://www.surveymonkey.com/profile/default/?joined=1] but found [https://www.surveymonkey.com/user/sign-up/]]]>
            </message>
            <full-stacktrace>
              <![CDATA[java.lang.AssertionError: Registration Unsuccessful... expected [https://www.surveymonkey.com/profile/default/?joined=1] but found [https://www.surveymonkey.com/user/sign-up/]
	at org.testng.Assert.fail(Assert.java:93)
	at org.testng.Assert.failNotEquals(Assert.java:512)
	at org.testng.Assert.assertEqualsImpl(Assert.java:134)
	at org.testng.Assert.assertEquals(Assert.java:115)
	at org.testng.Assert.assertEquals(Assert.java:189)
	at org.automation.assignment.pages.RegistrationPage.clickCreateAccount(RegistrationPage.java:85)
	at org.automation.assignment.testcases.TC_002_RegistrationFunction.tc_002_registration_functionality(TC_002_RegistrationFunction.java:23)
	at sun.reflect.NativeMethodAccessorImpl.invoke0(Native Method)
	at sun.reflect.NativeMethodAccessorImpl.invoke(NativeMethodAccessorImpl.java:62)
	at sun.reflect.DelegatingMethodAccessorImpl.invoke(DelegatingMethodAccessorImpl.java:43)
	at java.lang.reflect.Method.invoke(Method.java:498)
	at org.testng.internal.MethodInvocationHelper.invokeMethod(MethodInvocationHelper.java:108)
	at org.testng.internal.Invoker.invokeMethod(Invoker.java:661)
	at org.testng.internal.Invoker.invokeTestMethod(Invoker.java:869)
	at org.testng.internal.Invoker.invokeTestMethods(Invoker.java:1193)
	at org.testng.internal.TestMethodWorker.invokeTestMethods(TestMethodWorker.java:126)
	at org.testng.internal.TestMethodWorker.run(TestMethodWorker.java:109)
	at org.testng.TestRunner.privateRun(TestRunner.java:744)
	at org.testng.TestRunner.run(TestRunner.java:602)
	at org.testng.SuiteRunner.runTest(SuiteRunner.java:380)
	at org.testng.SuiteRunner.runSequentially(SuiteRunner.java:375)
	at org.testng.SuiteRunner.privateRun(SuiteRunner.java:340)
	at org.testng.SuiteRunner.run(SuiteRunner.java:289)
	at org.testng.SuiteRunnerWorker.runSuite(SuiteRunnerWorker.java:52)
	at org.testng.SuiteRunnerWorker.run(SuiteRunnerWorker.java:86)
	at org.testng.TestNG.runSuitesSequentially(TestNG.java:1301)
	at org.testng.TestNG.runSuitesLocally(TestNG.java:1226)
	at org.testng.TestNG.runSuites(TestNG.java:1144)
	at org.testng.TestNG.run(TestNG.java:1115)
	at org.apache.maven.surefire.testng.TestNGExecutor.run(TestNGExecutor.java:281)
	at org.apache.maven.surefire.testng.TestNGXmlTestSuite.execute(TestNGXmlTestSuite.java:75)
	at org.apache.maven.surefire.testng.TestNGProvider.invoke(TestNGProvider.java:121)
	at org.apache.maven.surefire.booter.ForkedBooter.invokeProviderInSameClassLoader(ForkedBooter.java:290)
	at org.apache.maven.surefire.booter.ForkedBooter.runSuitesInProcess(ForkedBooter.java:242)
	at org.apache.maven.surefire.booter.ForkedBooter.main(ForkedBooter.java:121)
]]>
            </full-stacktrace>
          </exception> <!-- java.lang.AssertionError -->
          <reporter-output>
          </reporter-output>
        </test-method> <!-- tc_002_registration_functionality -->
        <test-method status="PASS" signature="closeBrowser()[pri:0, instance:org.automation.assignment.testcases.TC_002_RegistrationFunction@506e6d5e]" name="closeBrowser" is-config="true" duration-ms="543" started-at="2018-07-03T18:01:25Z" finished-at="2018-07-03T18:01:25Z">
          <reporter-output>
          </reporter-output>
        </test-method> <!-- closeBrowser -->
        <test-method status="PASS" signature="startBrowser()[pri:0, instance:org.automation.assignment.testcases.TC_002_RegistrationFunction@506e6d5e]" name="startBrowser" is-config="true" duration-ms="10957" started-at="2018-07-03T18:01:25Z" finished-at="2018-07-03T18:01:36Z">
          <reporter-output>
          </reporter-output>
        </test-method> <!-- startBrowser -->
        <test-method status="FAIL" signature="tc_002_registration_functionality(java.lang.String, java.lang.String, java.lang.String, java.lang.String, java.lang.String)[pri:0, instance:org.automation.assignment.testcases.TC_002_RegistrationFunction@506e6d5e]" name="tc_002_registration_functionality" duration-ms="6804" started-at="2018-07-03T18:01:36Z" data-provider="Excel" finished-at="2018-07-03T18:01:43Z">
          <params>
            <param index="0">
              <value>
                <![CDATA[tknaik178]]>
              </value>
            </param>
            <param index="1">
              <value>
                <![CDATA[tknaik17]]>
              </value>
            </param>
            <param index="2">
              <value>
                <![CDATA[tknaik17@gmail.com]]>
              </value>
            </param>
            <param index="3">
              <value>
                <![CDATA[tknaikhh]]>
              </value>
            </param>
            <param index="4">
              <value>
                <![CDATA[abc]]>
              </value>
            </param>
          </params>
          <exception class="java.lang.AssertionError">
            <message>
              <![CDATA[Registration Unsuccessful... expected [https://www.surveymonkey.com/profile/default/?joined=1] but found [https://www.surveymonkey.com/user/sign-up/]]]>
            </message>
            <full-stacktrace>
              <![CDATA[java.lang.AssertionError: Registration Unsuccessful... expected [https://www.surveymonkey.com/profile/default/?joined=1] but found [https://www.surveymonkey.com/user/sign-up/]
	at org.testng.Assert.fail(Assert.java:93)
	at org.testng.Assert.failNotEquals(Assert.java:512)
	at org.testng.Assert.assertEqualsImpl(Assert.java:134)
	at org.testng.Assert.assertEquals(Assert.java:115)
	at org.testng.Assert.assertEquals(Assert.java:189)
	at org.automation.assignment.pages.RegistrationPage.clickCreateAccount(RegistrationPage.java:85)
	at org.automation.assignment.testcases.TC_002_RegistrationFunction.tc_002_registration_functionality(TC_002_RegistrationFunction.java:23)
	at sun.reflect.NativeMethodAccessorImpl.invoke0(Native Method)
	at sun.reflect.NativeMethodAccessorImpl.invoke(NativeMethodAccessorImpl.java:62)
	at sun.reflect.DelegatingMethodAccessorImpl.invoke(DelegatingMethodAccessorImpl.java:43)
	at java.lang.reflect.Method.invoke(Method.java:498)
	at org.testng.internal.MethodInvocationHelper.invokeMethod(MethodInvocationHelper.java:108)
	at org.testng.internal.Invoker.invokeMethod(Invoker.java:661)
	at org.testng.internal.Invoker.invokeTestMethod(Invoker.java:869)
	at org.testng.internal.Invoker.invokeTestMethods(Invoker.java:1193)
	at org.testng.internal.TestMethodWorker.invokeTestMethods(TestMethodWorker.java:126)
	at org.testng.internal.TestMethodWorker.run(TestMethodWorker.java:109)
	at org.testng.TestRunner.privateRun(TestRunner.java:744)
	at org.testng.TestRunner.run(TestRunner.java:602)
	at org.testng.SuiteRunner.runTest(SuiteRunner.java:380)
	at org.testng.SuiteRunner.runSequentially(SuiteRunner.java:375)
	at org.testng.SuiteRunner.privateRun(SuiteRunner.java:340)
	at org.testng.SuiteRunner.run(SuiteRunner.java:289)
	at org.testng.SuiteRunnerWorker.runSuite(SuiteRunnerWorker.java:52)
	at org.testng.SuiteRunnerWorker.run(SuiteRunnerWorker.java:86)
	at org.testng.TestNG.runSuitesSequentially(TestNG.java:1301)
	at org.testng.TestNG.runSuitesLocally(TestNG.java:1226)
	at org.testng.TestNG.runSuites(TestNG.java:1144)
	at org.testng.TestNG.run(TestNG.java:1115)
	at org.apache.maven.surefire.testng.TestNGExecutor.run(TestNGExecutor.java:281)
	at org.apache.maven.surefire.testng.TestNGXmlTestSuite.execute(TestNGXmlTestSuite.java:75)
	at org.apache.maven.surefire.testng.TestNGProvider.invoke(TestNGProvider.java:121)
	at org.apache.maven.surefire.booter.ForkedBooter.invokeProviderInSameClassLoader(ForkedBooter.java:290)
	at org.apache.maven.surefire.booter.ForkedBooter.runSuitesInProcess(ForkedBooter.java:242)
	at org.apache.maven.surefire.booter.ForkedBooter.main(ForkedBooter.java:121)
]]>
            </full-stacktrace>
          </exception> <!-- java.lang.AssertionError -->
          <reporter-output>
          </reporter-output>
        </test-method> <!-- tc_002_registration_functionality -->
        <test-method status="PASS" signature="closeBrowser()[pri:0, instance:org.automation.assignment.testcases.TC_002_RegistrationFunction@506e6d5e]" name="closeBrowser" is-config="true" duration-ms="542" started-at="2018-07-03T18:01:43Z" finished-at="2018-07-03T18:01:44Z">
          <reporter-output>
          </reporter-output>
        </test-method> <!-- closeBrowser -->
      </class> <!-- org.automation.assignment.testcases.TC_002_RegistrationFunction -->
      <class name="org.automation.assignment.testcases.TC_001_ValidateLoginFunctionality">
        <test-method status="PASS" signature="startBrowser()[pri:0, instance:org.automation.assignment.testcases.TC_001_ValidateLoginFunctionality@2acf57e3]" name="startBrowser" is-config="true" duration-ms="16053" started-at="2018-07-03T18:00:28Z" finished-at="2018-07-03T18:00:44Z">
          <reporter-output>
          </reporter-output>
        </test-method> <!-- startBrowser -->
        <test-method status="PASS" signature="tc_001_login_functionality(java.lang.String, java.lang.String)[pri:0, instance:org.automation.assignment.testcases.TC_001_ValidateLoginFunctionality@2acf57e3]" name="tc_001_login_functionality" duration-ms="5760" started-at="2018-07-03T18:00:44Z" data-provider="Excel" finished-at="2018-07-03T18:00:50Z">
          <params>
            <param index="0">
              <value>
                <![CDATA[tusharnaik]]>
              </value>
            </param>
            <param index="1">
              <value>
                <![CDATA[tusharnaik17]]>
              </value>
            </param>
          </params>
          <reporter-output>
          </reporter-output>
        </test-method> <!-- tc_001_login_functionality -->
        <test-method status="PASS" signature="closeBrowser()[pri:0, instance:org.automation.assignment.testcases.TC_001_ValidateLoginFunctionality@2acf57e3]" name="closeBrowser" is-config="true" duration-ms="551" started-at="2018-07-03T18:00:50Z" finished-at="2018-07-03T18:00:51Z">
          <reporter-output>
          </reporter-output>
        </test-method> <!-- closeBrowser -->
        <test-method status="PASS" signature="startBrowser()[pri:0, instance:org.automation.assignment.testcases.TC_001_ValidateLoginFunctionality@2acf57e3]" name="startBrowser" is-config="true" duration-ms="11028" started-at="2018-07-03T18:00:51Z" finished-at="2018-07-03T18:01:02Z">
          <reporter-output>
          </reporter-output>
        </test-method> <!-- startBrowser -->
        <test-method status="PASS" signature="tc_001_login_functionality(java.lang.String, java.lang.String)[pri:0, instance:org.automation.assignment.testcases.TC_001_ValidateLoginFunctionality@2acf57e3]" name="tc_001_login_functionality" duration-ms="5018" started-at="2018-07-03T18:01:02Z" data-provider="Excel" finished-at="2018-07-03T18:01:07Z">
          <params>
            <param index="0">
              <value>
                <![CDATA[tknaik178]]>
              </value>
            </param>
            <param index="1">
              <value>
                <![CDATA[tknaik17]]>
              </value>
            </param>
          </params>
          <reporter-output>
          </reporter-output>
        </test-method> <!-- tc_001_login_functionality -->
        <test-method status="PASS" signature="closeBrowser()[pri:0, instance:org.automation.assignment.testcases.TC_001_ValidateLoginFunctionality@2acf57e3]" name="closeBrowser" is-config="true" duration-ms="542" started-at="2018-07-03T18:01:07Z" finished-at="2018-07-03T18:01:07Z">
          <reporter-output>
          </reporter-output>
        </test-method> <!-- closeBrowser -->
      </class> <!-- org.automation.assignment.testcases.TC_001_ValidateLoginFunctionality -->
    </test> <!-- Test -->
  </suite> <!-- Suite -->
</testng-results>
