<?xml version="1.0" encoding="UTF-8"?>
<!-- Generated by org.testng.reporters.JUnitXMLReporter -->
<testsuite hostname="IB-Pune-PC-077" ignored="0" name="Test" tests="4" failures="2" timestamp="03 Jul 2018 12:31:44 GMT" time="75.87" errors="0">
  <testcase name="tc_001_login_functionality" time="5.76" classname="org.automation.assignment.testcases.TC_001_ValidateLoginFunctionality"/>
  <testcase name="tc_001_login_functionality" time="5.018" classname="org.automation.assignment.testcases.TC_001_ValidateLoginFunctionality"/>
  <testcase name="tc_002_registration_functionality" time="6.722" classname="org.automation.assignment.testcases.TC_002_RegistrationFunction">
    <failure type="java.lang.AssertionError" message="Registration Unsuccessful... expected [https://www.surveymonkey.com/profile/default/?joined=1] but found [https://www.surveymonkey.com/user/sign-up/]">
      <![CDATA[java.lang.AssertionError: Registration Unsuccessful... expected [https://www.surveymonkey.com/profile/default/?joined=1] but found [https://www.surveymonkey.com/user/sign-up/]
	at org.automation.assignment.pages.RegistrationPage.clickCreateAccount(RegistrationPage.java:85)
	at org.automation.assignment.testcases.TC_002_RegistrationFunction.tc_002_registration_functionality(TC_002_RegistrationFunction.java:23)
... Removed 33 stack frames]]>
    </failure>
  </testcase> <!-- tc_002_registration_functionality -->
  <testcase name="tc_002_registration_functionality" time="6.804" classname="org.automation.assignment.testcases.TC_002_RegistrationFunction">
    <failure type="java.lang.AssertionError" message="Registration Unsuccessful... expected [https://www.surveymonkey.com/profile/default/?joined=1] but found [https://www.surveymonkey.com/user/sign-up/]">
      <![CDATA[java.lang.AssertionError: Registration Unsuccessful... expected [https://www.surveymonkey.com/profile/default/?joined=1] but found [https://www.surveymonkey.com/user/sign-up/]
	at org.automation.assignment.pages.RegistrationPage.clickCreateAccount(RegistrationPage.java:85)
	at org.automation.assignment.testcases.TC_002_RegistrationFunction.tc_002_registration_functionality(TC_002_RegistrationFunction.java:23)
... Removed 33 stack frames]]>
    </failure>
  </testcase> <!-- tc_002_registration_functionality -->
</testsuite> <!-- Test -->
